<?xml version="1.0" encoding="UTF-8"?>
<testsuite xmlns:xsi="http://www.w3.org/2001/XMLSchema-instance" xsi:noNamespaceSchemaLocation="https://maven.apache.org/surefire/maven-surefire-plugin/xsd/surefire-test-report-3.0.xsd" version="3.0" name="com.exampletwo.AppTest" time="0.297" tests="10" errors="0" skipped="0" failures="0">
  <properties>
[...]
</properties>
  <testcase name="testAnswerVariable" classname="com.exampletwo.AppTest" time="0.122"/>
  <testcase name="testSum" classname="com.exampletwo.AppTest" time="0.017"/>
  <testcase name="testProduct" classname="com.exampletwo.AppTest" time="0.007"/>
  <testcase name="testBoolean" classname="com.exampletwo.AppTest" time="0.008"/>
  <testcase name="testGreaterThan" classname="com.exampletwo.AppTest" time="0.004"/>
  <testcase name="testAverageMethod" classname="com.exampletwo.AppTest" time="0.002"/>
  <testcase name="testRemainder" classname="com.exampletwo.AppTest" time="0.001"/>
  <testcase name="testNotEquals" classname="com.exampletwo.AppTest" time="0.004"/>
  <testcase name="testInteger" classname="com.exampletwo.AppTest" time="0.002"/>
  <testcase name="testNotNull" classname="com.exampletwo.AppTest" time="0.003"/>
</testsuite>